19:17:16.799 [main] INFO  factory.BaseClass - **Validating whether new bikes option displayed**
19:17:17.185 [main] INFO  factory.BaseClass - **Hover on new bikes option**
19:17:20.624 [main] INFO  factory.BaseClass - **Checking for new bikes option**
19:17:20.936 [main] INFO  factory.BaseClass - **Clicking on upcoming bikes option**
19:17:22.577 [main] INFO  factory.BaseClass - **Checking for dropdown**
19:17:22.833 [main] INFO  factory.BaseClass - **Clicking honda option**
19:17:24.256 [main] INFO  factory.BaseClass - **Checking for read more options**
19:17:24.460 [main] INFO  factory.BaseClass - **Checking for list of bikes**
19:17:24.634 [main] INFO  factory.BaseClass - **Printing bike details in console**
19:19:18.925 [main] INFO  factory.BaseClass - **Statring the login Test Case**
19:19:20.878 [main] INFO  factory.BaseClass - **Clicking Login Button**
19:19:27.317 [main] INFO  factory.BaseClass - **Clicking the google Button**
19:19:35.747 [main] INFO  factory.BaseClass - **Giving Email Input**
19:19:36.052 [main] INFO  factory.BaseClass - **Clicking next Button**
19:19:41.525 [main] INFO  factory.BaseClass - **Capturing the error message**
19:19:59.458 [main] INFO  factory.BaseClass - **Statring the Upcoming bikes Test Case**
19:19:59.967 [main] INFO  factory.BaseClass - **Validating whether new bikes option displayed**
19:20:00.464 [main] INFO  factory.BaseClass - **Hover on new bikes option**
19:20:03.978 [main] INFO  factory.BaseClass - **Checking for new bikes option**
19:20:04.311 [main] INFO  factory.BaseClass - **Clicking on upcoming bikes option**
19:20:05.409 [main] INFO  factory.BaseClass - **Checking for dropdown**
19:20:05.652 [main] INFO  factory.BaseClass - **Clicking honda option**
19:20:06.733 [main] INFO  factory.BaseClass - **Checking for read more options**
19:20:06.966 [main] INFO  factory.BaseClass - **Checking for list of bikes**
19:20:07.117 [main] INFO  factory.BaseClass - **Printing bike details in console**
11:55:21.458 [main] INFO  factory.BaseClass - **Statring the login Test Case**
11:55:25.804 [main] INFO  factory.BaseClass - **Clicking Login Button**
11:55:32.845 [main] INFO  factory.BaseClass - **Clicking the google Button**
11:55:41.957 [main] INFO  factory.BaseClass - **Giving Email Input**
11:55:42.583 [main] INFO  factory.BaseClass - **Clicking next Button**
11:55:48.512 [main] INFO  factory.BaseClass - **Capturing the error message**
12:14:43.904 [main] INFO  factory.BaseClass - **Statring the login Test Case**
12:14:48.462 [main] INFO  factory.BaseClass - **Clicking Login Button**
12:14:55.500 [main] INFO  factory.BaseClass - **Clicking the google Button**
12:15:04.485 [main] INFO  factory.BaseClass - **Giving Email Input**
12:15:05.053 [main] INFO  factory.BaseClass - **Clicking next Button**
12:15:11.381 [main] INFO  factory.BaseClass - **Capturing the error message**
12:15:34.230 [main] INFO  factory.BaseClass - **Statring the Upcoming bikes Test Case**
12:15:35.114 [main] INFO  factory.BaseClass - **Validating whether new bikes option displayed**
12:15:36.135 [main] INFO  factory.BaseClass - **Hover on new bikes option**
12:15:39.960 [main] INFO  factory.BaseClass - **Checking for new bikes option**
12:15:40.627 [main] INFO  factory.BaseClass - **Clicking on upcoming bikes option**
12:15:42.905 [main] INFO  factory.BaseClass - **Checking for dropdown**
12:15:43.301 [main] INFO  factory.BaseClass - **Clicking honda option**
12:15:45.401 [main] INFO  factory.BaseClass - **Checking for read more options**
12:15:45.834 [main] INFO  factory.BaseClass - **Checking for list of bikes**
12:15:46.122 [main] INFO  factory.BaseClass - **Printing bike details in console**
12:25:13.191 [main] INFO  testcases.TC001_Upcomingbikes - **** Starting TC_002_UsedCar ****
12:25:13.205 [main] INFO  testcases.TC001_Upcomingbikes - clicking on  Used Cars and selecting Chennai
12:25:23.835 [main] INFO  testcases.TC001_Upcomingbikes - **** Finished TC_002_UsedCar ****
12:25:24.535 [main] INFO  testcases.TC001_Upcomingbikes - **** Starting TC_003_LoginSignup ****
12:25:24.536 [main] INFO  testcases.TC001_Upcomingbikes - Verifying login/SignUp
12:25:42.784 [main] INFO  testcases.TC001_Upcomingbikes - Verifying loginPage
12:25:59.288 [main] INFO  testcases.TC001_Upcomingbikes - **** Finished TC_003_LoginSignup ****
12:26:32.341 [main] INFO  testcases.TC001_Upcomingbikes - **** Starting TC_002_UsedCar ****
12:26:32.341 [main] INFO  testcases.TC001_Upcomingbikes - clicking on  Used Cars and selecting Chennai
12:27:29.484 [main] INFO  testcases.TC001_Upcomingbikes - **** Finished TC_002_UsedCar ****
12:27:30.106 [main] INFO  testcases.TC001_Upcomingbikes - **** Starting TC_003_LoginSignup ****
12:27:30.106 [main] INFO  testcases.TC001_Upcomingbikes - Verifying login/SignUp
12:27:47.741 [main] INFO  testcases.TC001_Upcomingbikes - Verifying loginPage
12:28:04.259 [main] INFO  testcases.TC001_Upcomingbikes - **** Finished TC_003_LoginSignup ****
