11:30:59.393 [main] INFO  testcases.TC001_Upcomingbikes - Displaying bikes details
11:31:02.838 [main] INFO  testcases.TC001_Upcomingbikes - **** Finished TC_001_UpcomingBike ****
11:31:03.120 [main] INFO  testcases.TC001_Upcomingbikes - **** Starting TC_002_UsedCar ****
11:31:03.120 [main] INFO  testcases.TC001_Upcomingbikes - clicking on  Used Cars and selecting Chennai
11:31:39.427 [main] INFO  testcases.TC001_Upcomingbikes - **** Finished TC_002_UsedCar ****
11:31:39.949 [main] INFO  testcases.TC001_Upcomingbikes - **** Starting TC_003_LoginSignup ****
11:31:39.949 [main] INFO  testcases.TC001_Upcomingbikes - Verifying login/SignUp
11:32:31.681 [main] INFO  testcases.TC001_Upcomingbikes - Verifying loginPage
11:32:58.056 [main] INFO  testcases.TC001_Upcomingbikes - LoginPage verification failed!!!
11:38:08.101 [main] INFO  testcases.TC001_Upcomingbikes - **** Starting TC_001_UpcomingBike ****
11:38:08.144 [main] INFO  testcases.TC001_Upcomingbikes - clicking on  New Bikes 
11:38:12.599 [main] INFO  testcases.TC001_Upcomingbikes - Selecting Upcoming Bikes
11:38:15.663 [main] INFO  testcases.TC001_Upcomingbikes - clicking on Upcoming Bikes
11:38:21.799 [main] INFO  testcases.TC001_Upcomingbikes - Displaying bikes details
11:38:31.858 [main] INFO  testcases.TC001_Upcomingbikes - **** Finished TC_001_UpcomingBike ****
11:38:32.378 [main] INFO  testcases.TC001_Upcomingbikes - **** Starting TC_002_UsedCar ****
11:38:32.378 [main] INFO  testcases.TC001_Upcomingbikes - clicking on  Used Cars and selecting Chennai
11:38:51.824 [main] INFO  testcases.TC001_Upcomingbikes - **** Finished TC_002_UsedCar ****
11:38:52.342 [main] INFO  testcases.TC001_Upcomingbikes - **** Starting TC_003_LoginSignup ****
11:38:52.342 [main] INFO  testcases.TC001_Upcomingbikes - Verifying login/SignUp
11:39:13.427 [main] INFO  testcases.TC001_Upcomingbikes - Verifying loginPage
11:39:39.724 [main] INFO  testcases.TC001_Upcomingbikes - LoginPage verification failed!!!
11:40:05.749 [main] INFO  testcases.TC001_Upcomingbikes - **** Starting TC_001_UpcomingBike ****
11:40:05.749 [main] INFO  testcases.TC001_Upcomingbikes - clicking on  New Bikes 
11:40:10.276 [main] INFO  testcases.TC001_Upcomingbikes - Selecting Upcoming Bikes
11:40:20.923 [main] INFO  testcases.TC001_Upcomingbikes - clicking on Upcoming Bikes
11:40:26.129 [main] INFO  testcases.TC001_Upcomingbikes - Displaying bikes details
11:40:32.218 [main] INFO  testcases.TC001_Upcomingbikes - **** Finished TC_001_UpcomingBike ****
11:40:32.686 [main] INFO  testcases.TC001_Upcomingbikes - **** Starting TC_002_UsedCar ****
11:40:32.687 [main] INFO  testcases.TC001_Upcomingbikes - clicking on  Used Cars and selecting Chennai
11:40:44.822 [main] INFO  testcases.TC001_Upcomingbikes - **** Finished TC_002_UsedCar ****
11:40:45.280 [main] INFO  testcases.TC001_Upcomingbikes - **** Starting TC_003_LoginSignup ****
11:40:45.280 [main] INFO  testcases.TC001_Upcomingbikes - Verifying login/SignUp
11:41:05.154 [main] INFO  testcases.TC001_Upcomingbikes - Verifying loginPage
11:41:31.421 [main] INFO  testcases.TC001_Upcomingbikes - LoginPage verification failed!!!
11:45:05.765 [main] INFO  testcases.TC001_Upcomingbikes - **** Starting TC_001_UpcomingBike ****
11:45:05.809 [main] INFO  testcases.TC001_Upcomingbikes - clicking on  New Bikes 
11:45:10.136 [main] INFO  testcases.TC001_Upcomingbikes - Selecting Upcoming Bikes
11:45:21.462 [main] INFO  testcases.TC001_Upcomingbikes - clicking on Upcoming Bikes
11:45:26.808 [main] INFO  testcases.TC001_Upcomingbikes - Displaying bikes details
11:45:37.967 [main] INFO  testcases.TC001_Upcomingbikes - **** Finished TC_001_UpcomingBike ****
11:45:38.549 [main] INFO  testcases.TC001_Upcomingbikes - **** Starting TC_002_UsedCar ****
11:45:38.550 [main] INFO  testcases.TC001_Upcomingbikes - clicking on  Used Cars and selecting Chennai
11:45:53.212 [main] INFO  testcases.TC001_Upcomingbikes - **** Finished TC_002_UsedCar ****
11:45:53.778 [main] INFO  testcases.TC001_Upcomingbikes - **** Starting TC_003_LoginSignup ****
11:45:53.778 [main] INFO  testcases.TC001_Upcomingbikes - Verifying login/SignUp
11:46:15.758 [main] INFO  testcases.TC001_Upcomingbikes - Verifying loginPage
11:46:32.641 [main] INFO  testcases.TC001_Upcomingbikes - **** Finished TC_003_LoginSignup ****
11:47:01.153 [main] INFO  testcases.TC001_Upcomingbikes - **** Starting TC_001_UpcomingBike ****
11:47:01.154 [main] INFO  testcases.TC001_Upcomingbikes - clicking on  New Bikes 
11:47:06.451 [main] INFO  testcases.TC001_Upcomingbikes - Selecting Upcoming Bikes
11:47:18.321 [main] INFO  testcases.TC001_Upcomingbikes - clicking on Upcoming Bikes
11:47:24.447 [main] INFO  testcases.TC001_Upcomingbikes - Displaying bikes details
11:47:30.888 [main] INFO  testcases.TC001_Upcomingbikes - **** Finished TC_001_UpcomingBike ****
11:47:31.323 [main] INFO  testcases.TC001_Upcomingbikes - **** Starting TC_002_UsedCar ****
11:47:31.325 [main] INFO  testcases.TC001_Upcomingbikes - clicking on  Used Cars and selecting Chennai
